#
# A fatal error has been detected by the Java Runtime Environment:
#
#  EXCEPTION_ACCESS_VIOLATION (0xc0000005) at pc=0x00007fffbefe3c1d, pid=16224, tid=0x0000000000001278
#
# JRE version: Java(TM) SE Runtime Environment (8.0_144-b01) (build 1.8.0_144-b01)
# Java VM: Java HotSpot(TM) 64-Bit Server VM (25.144-b01 mixed mode windows-amd64 compressed oops)
# Problematic frame:
# C  [lwjgl_opengl.dll+0x3c1d]
#
# Failed to write core dump. Minidumps are not enabled by default on client versions of Windows
#
# If you would like to submit a bug report, please visit:
#   http://bugreport.java.com/bugreport/crash.jsp
# The crash happened outside the Java Virtual Machine in native code.
# See problematic frame for where to report the bug.
#

---------------  T H R E A D  ---------------

Current thread (0x0000000026c6a000):  JavaThread "AWT-EventQueue-0" [_thread_in_native, id=4728, stack(0x000000002ec30000,0x000000002ed30000)]

siginfo: ExceptionCode=0xc0000005, reading address 0x0000000000000940

Registers:
RAX=0x00000000777a1d50, RBX=0x000000001c87afd0, RCX=0x0000000000000001, RDX=0x00000000200aadac
RSP=0x000000002ed2cc08, RBP=0x000000002ed2cc88, RSI=0x0000000000000128, RDI=0x00000000031483fd
R8 =0x0000000000000001, R9 =0x00000000200aadac, R10=0x0000000000000000, R11=0x000000007722bc50
R12=0x0000000000000000, R13=0x000000001c87afd0, R14=0x000000002ed2ccb8, R15=0x0000000026c6a000
RIP=0x00007fffbefe3c1d, EFLAGS=0x0000000000010206

Top of Stack: (sp=0x000000002ed2cc08)
0x000000002ed2cc08:   000000000316100c 000000002ed2cc58
0x000000002ed2cc18:   000000001c755100 0000000000000000
0x000000002ed2cc28:   000000001c74fb70 0000000000000000
0x000000002ed2cc38:   000000002ed2cc50 000000002ed2cca0
0x000000002ed2cc48:   000000002ed2cc48 0000000000000000
0x000000002ed2cc58:   000000002ed2ccb8 000000001c881580
0x000000002ed2cc68:   0000000000000000 000000001c87afd0
0x000000002ed2cc78:   0000000000000000 000000002ed2cca8
0x000000002ed2cc88:   000000002ed2cd00 00000000031483fd
0x000000002ed2cc98:   00000006c3cc88c8 00000000031571b8
0x000000002ed2cca8:   00000000200aadac 000000076d6f5b30
0x000000002ed2ccb8:   0000000000000001 000000002ed2ccc0
0x000000002ed2ccc8:   000000001c87b124 000000002ed2cd30
0x000000002ed2ccd8:   000000001c881580 0000000000000000
0x000000002ed2cce8:   000000001c87b190 000000002ed2cca8
0x000000002ed2ccf8:   000000002ed2cd30 000000002ed2cd78 

Instructions: (pc=0x00007fffbefe3c1d)
0x00007fffbefe3bfd:   49 ff a2 50 01 00 00 cc cc cc cc cc cc cc cc cc
0x00007fffbefe3c0d:   cc cc cc 48 8b 01 49 8b d1 41 8b c8 4c 8b 50 18
0x00007fffbefe3c1d:   49 ff a2 40 09 00 00 cc cc cc cc cc cc cc cc cc
0x00007fffbefe3c2d:   cc cc cc 48 8b 01 49 8b d1 41 8b c8 4c 8b 50 18 


Register to memory mapping:

RAX=0x00000000777a1d50 is an unknown value
RBX={method} {0x000000001c87afd8} 'nglDeleteFramebuffers' '(IJ)V' in 'org/lwjgl/opengl/GL30'
RCX=0x0000000000000001 is an unknown value
RDX=0x00000000200aadac is an unknown value
RSP=0x000000002ed2cc08 is pointing into the stack for thread: 0x0000000026c6a000
RBP=0x000000002ed2cc88 is pointing into the stack for thread: 0x0000000026c6a000
RSI=0x0000000000000128 is an unknown value
RDI=0x00000000031483fd is at code_begin+2301 in an Interpreter codelet
invoke return entry points  [0x0000000003147b00, 0x00000000031484e0]  2528 bytes
R8 =0x0000000000000001 is an unknown value
R9 =0x00000000200aadac is an unknown value
R10=0x0000000000000000 is an unknown value
R11=0x000000007722bc50 is an unknown value
R12=0x0000000000000000 is an unknown value
R13={method} {0x000000001c87afd8} 'nglDeleteFramebuffers' '(IJ)V' in 'org/lwjgl/opengl/GL30'
R14=0x000000002ed2ccb8 is pointing into the stack for thread: 0x0000000026c6a000
R15=0x0000000026c6a000 is a thread


Stack: [0x000000002ec30000,0x000000002ed30000],  sp=0x000000002ed2cc08,  free space=1011k
Native frames: (J=compiled Java code, j=interpreted, Vv=VM code, C=native code)
C  [lwjgl_opengl.dll+0x3c1d]

Java frames: (J=compiled Java code, j=interpreted, Vv=VM code)
j  org.lwjgl.opengl.GL30.nglDeleteFramebuffers(IJ)V+0
j  org.lwjgl.opengl.GL30.glDeleteFramebuffers(I)V+20
j  openGLEngine.Surface.dispose()V+4
j  openGLEngine.Game.end()V+3
j  glLevelEditor.ConsoleThing$1.windowClosing(Ljava/awt/event/WindowEvent;)V+7
j  java.awt.Window.processWindowEvent(Ljava/awt/event/WindowEvent;)V+68
j  javax.swing.JFrame.processWindowEvent(Ljava/awt/event/WindowEvent;)V+2
j  java.awt.Window.processEvent(Ljava/awt/AWTEvent;)V+69
j  java.awt.Component.dispatchEventImpl(Ljava/awt/AWTEvent;)V+589
j  java.awt.Container.dispatchEventImpl(Ljava/awt/AWTEvent;)V+42
j  java.awt.Window.dispatchEventImpl(Ljava/awt/AWTEvent;)V+19
j  java.awt.Component.dispatchEvent(Ljava/awt/AWTEvent;)V+2
j  java.awt.EventQueue.dispatchEventImpl(Ljava/awt/AWTEvent;Ljava/lang/Object;)V+41
j  java.awt.EventQueue.access$500(Ljava/awt/EventQueue;Ljava/awt/AWTEvent;Ljava/lang/Object;)V+3
j  java.awt.EventQueue$3.run()Ljava/lang/Void;+32
j  java.awt.EventQueue$3.run()Ljava/lang/Object;+1
v  ~StubRoutines::call_stub
j  java.security.AccessController.doPrivileged(Ljava/security/PrivilegedAction;Ljava/security/AccessControlContext;)Ljava/lang/Object;+0
j  java.security.ProtectionDomain$JavaSecurityAccessImpl.doIntersectionPrivilege(Ljava/security/PrivilegedAction;Ljava/security/AccessControlContext;Ljava/security/AccessControlContext;)Ljava/lang/Object;+18
j  java.security.ProtectionDomain$JavaSecurityAccessImpl.doIntersectionPrivilege(Ljava/security/PrivilegedAction;Ljava/security/AccessControlContext;)Ljava/lang/Object;+6
j  java.awt.EventQueue$4.run()Ljava/lang/Void;+11
j  java.awt.EventQueue$4.run()Ljava/lang/Object;+1
v  ~StubRoutines::call_stub
j  java.security.AccessController.doPrivileged(Ljava/security/PrivilegedAction;Ljava/security/AccessControlContext;)Ljava/lang/Object;+0
j  java.security.ProtectionDomain$JavaSecurityAccessImpl.doIntersectionPrivilege(Ljava/security/PrivilegedAction;Ljava/security/AccessControlContext;Ljava/security/AccessControlContext;)Ljava/lang/Object;+18
j  java.awt.EventQueue.dispatchEvent(Ljava/awt/AWTEvent;)V+73
j  java.awt.EventDispatchThread.pumpOneEventForFilters(I)V+245
j  java.awt.EventDispatchThread.pumpEventsForFilter(ILjava/awt/Conditional;Ljava/awt/EventFilter;)V+35
j  java.awt.EventDispatchThread.pumpEventsForHierarchy(ILjava/awt/Conditional;Ljava/awt/Component;)V+11
j  java.awt.EventDispatchThread.pumpEvents(ILjava/awt/Conditional;)V+4
j  java.awt.EventDispatchThread.pumpEvents(Ljava/awt/Conditional;)V+3
j  java.awt.EventDispatchThread.run()V+9
v  ~StubRoutines::call_stub

---------------  P R O C E S S  ---------------

Java Threads: ( => current thread )
=>0x0000000026c6a000 JavaThread "AWT-EventQueue-0" [_thread_in_native, id=4728, stack(0x000000002ec30000,0x000000002ed30000)]
  0x0000000026c69800 JavaThread "AWT-Shutdown" [_thread_blocked, id=12012, stack(0x000000002e990000,0x000000002ea90000)]
  0x00000000202d4800 JavaThread "Thread-3" daemon [_thread_in_native, id=8692, stack(0x00000000284f0000,0x00000000285f0000)]
  0x0000000020508800 JavaThread "Thread-2" daemon [_thread_blocked, id=15324, stack(0x0000000027e40000,0x0000000027f40000)]
  0x0000000020007000 JavaThread "AWT-Windows" daemon [_thread_in_native, id=12792, stack(0x00000000209a0000,0x0000000020aa0000)]
  0x0000000020001800 JavaThread "Java2D Disposer" daemon [_thread_blocked, id=9764, stack(0x00000000207a0000,0x00000000208a0000)]
  0x000000001eb27000 JavaThread "Service Thread" daemon [_thread_blocked, id=14704, stack(0x000000001fc60000,0x000000001fd60000)]
  0x000000001ea92800 JavaThread "C1 CompilerThread3" daemon [_thread_blocked, id=16084, stack(0x000000001fb60000,0x000000001fc60000)]
  0x000000001ea89800 JavaThread "C2 CompilerThread2" daemon [_thread_blocked, id=9732, stack(0x000000001fa60000,0x000000001fb60000)]
  0x000000001ea89000 JavaThread "C2 CompilerThread1" daemon [_thread_blocked, id=14508, stack(0x000000001f960000,0x000000001fa60000)]
  0x000000001ea82000 JavaThread "C2 CompilerThread0" daemon [_thread_blocked, id=1848, stack(0x000000001f860000,0x000000001f960000)]
  0x000000001ea72000 JavaThread "JDWP Command Reader" daemon [_thread_in_native, id=15152, stack(0x000000001f760000,0x000000001f860000)]
  0x000000001ea71000 JavaThread "JDWP Event Helper Thread" daemon [_thread_blocked, id=13352, stack(0x000000001f660000,0x000000001f760000)]
  0x000000001ea6a800 JavaThread "JDWP Transport Listener: dt_socket" daemon [_thread_blocked, id=9356, stack(0x000000001f560000,0x000000001f660000)]
  0x000000001ea63800 JavaThread "Attach Listener" daemon [_thread_blocked, id=7052, stack(0x000000001f120000,0x000000001f220000)]
  0x000000001cb67800 JavaThread "Signal Dispatcher" daemon [_thread_blocked, id=16380, stack(0x000000001f020000,0x000000001f120000)]
  0x000000001ea50800 JavaThread "Finalizer" daemon [_thread_blocked, id=7464, stack(0x000000001ee30000,0x000000001ef30000)]
  0x000000001cb5d000 JavaThread "Reference Handler" daemon [_thread_blocked, id=8652, stack(0x000000001e930000,0x000000001ea30000)]
  0x0000000003043800 JavaThread "main" [_thread_in_Java, id=10452, stack(0x0000000002f40000,0x0000000003040000)]

Other Threads:
  0x000000001cb58800 VMThread [stack: 0x000000001e830000,0x000000001e930000] [id=11112]
  0x000000001eb4c000 WatcherThread [stack: 0x000000001fd60000,0x000000001fe60000] [id=10260]

VM state:not at safepoint (normal execution)

VM Mutex/Monitor currently owned by a thread: None

Heap:
 PSYoungGen      total 141824K, used 36107K [0x000000076b400000, 0x0000000774900000, 0x00000007c0000000)
  eden space 131072K, 27% used [0x000000076b400000,0x000000076d742d10,0x0000000773400000)
  from space 10752K, 0% used [0x0000000773e80000,0x0000000773e80000,0x0000000774900000)
  to   space 10752K, 0% used [0x0000000773400000,0x0000000773400000,0x0000000773e80000)
 ParOldGen       total 196096K, used 36353K [0x00000006c1c00000, 0x00000006cdb80000, 0x000000076b400000)
  object space 196096K, 18% used [0x00000006c1c00000,0x00000006c3f80590,0x00000006cdb80000)
 Metaspace       used 16163K, capacity 16503K, committed 16640K, reserved 1064960K
  class space    used 1630K, capacity 1769K, committed 1792K, reserved 1048576K

Card table byte_map: [0x0000000012500000,0x0000000012d00000] byte_map_base: 0x000000000eef2000

Marking Bits: (ParMarkBitMap*) 0x000000007781d850
 Begin Bits: [0x0000000013a50000, 0x00000000179e0000)
 End Bits:   [0x00000000179e0000, 0x000000001b970000)

Polling page: 0x0000000001010000

CodeCache: size=245760Kb used=4499Kb max_used=4573Kb free=241260Kb
 bounds [0x0000000003140000, 0x00000000035c0000, 0x0000000012140000]
 total_blobs=2063 nmethods=1056 adapters=928
 compilation: enabled

Compilation events (10 events):
Event: 5.640 Thread 0x000000001ea92800 1053       3       java.util.IdentityHashMap::isEmpty (13 bytes)
Event: 5.640 Thread 0x000000001ea92800 nmethod 1053 0x000000000357f290 code [0x000000000357f3e0, 0x000000000357f590]
Event: 6.471 Thread 0x000000001ea92800 1054       1       java.beans.PropertyChangeEvent::getPropertyName (5 bytes)
Event: 6.472 Thread 0x000000001ea92800 nmethod 1054 0x000000000357efd0 code [0x000000000357f120, 0x000000000357f230]
Event: 6.472 Thread 0x000000001ea92800 1055   !   3       sun.awt.AWTAutoShutdown::setToolkitBusy (124 bytes)
Event: 6.473 Thread 0x000000001ea92800 nmethod 1055 0x000000000357e110 code [0x000000000357e2e0, 0x000000000357ebc8]
Event: 6.479 Thread 0x000000001ea92800 1056       1       java.awt.Component::getParent_NoClientCode (5 bytes)
Event: 6.479 Thread 0x000000001ea92800 nmethod 1056 0x000000000357de50 code [0x000000000357dfa0, 0x000000000357e0b0]
Event: 6.480 Thread 0x000000001ea92800 1057       3       sun.util.locale.LocaleUtils::toLower (17 bytes)
Event: 6.480 Thread 0x000000001ea92800 nmethod 1057 0x000000000357d9d0 code [0x000000000357db40, 0x000000000357ddb0]

GC Heap History (6 events):
Event: 1.779 GC heap before
{Heap before GC invocations=1 (full 0):
 PSYoungGen      total 76288K, used 57553K [0x000000076b400000, 0x0000000770900000, 0x00000007c0000000)
  eden space 65536K, 87% used [0x000000076b400000,0x000000076ec34418,0x000000076f400000)
  from space 10752K, 0% used [0x000000076fe80000,0x000000076fe80000,0x0000000770900000)
  to   space 10752K, 0% used [0x000000076f400000,0x000000076f400000,0x000000076fe80000)
 ParOldGen       total 175104K, used 0K [0x00000006c1c00000, 0x00000006cc700000, 0x000000076b400000)
  object space 175104K, 0% used [0x00000006c1c00000,0x00000006c1c00000,0x00000006cc700000)
 Metaspace       used 12857K, capacity 13153K, committed 13440K, reserved 1060864K
  class space    used 1216K, capacity 1323K, committed 1408K, reserved 1048576K
Event: 1.803 GC heap after
Heap after GC invocations=1 (full 0):
 PSYoungGen      total 76288K, used 3926K [0x000000076b400000, 0x0000000774900000, 0x00000007c0000000)
  eden space 65536K, 0% used [0x000000076b400000,0x000000076b400000,0x000000076f400000)
  from space 10752K, 36% used [0x000000076f400000,0x000000076f7d59d8,0x000000076fe80000)
  to   space 10752K, 0% used [0x0000000773e80000,0x0000000773e80000,0x0000000774900000)
 ParOldGen       total 175104K, used 49168K [0x00000006c1c00000, 0x00000006cc700000, 0x000000076b400000)
  object space 175104K, 28% used [0x00000006c1c00000,0x00000006c4c04030,0x00000006cc700000)
 Metaspace       used 12857K, capacity 13153K, committed 13440K, reserved 1060864K
  class space    used 1216K, capacity 1323K, committed 1408K, reserved 1048576K
}
Event: 2.972 GC heap before
{Heap before GC invocations=2 (full 0):
 PSYoungGen      total 76288K, used 69462K [0x000000076b400000, 0x0000000774900000, 0x00000007c0000000)
  eden space 65536K, 100% used [0x000000076b400000,0x000000076f400000,0x000000076f400000)
  from space 10752K, 36% used [0x000000076f400000,0x000000076f7d59d8,0x000000076fe80000)
  to   space 10752K, 0% used [0x0000000773e80000,0x0000000773e80000,0x0000000774900000)
 ParOldGen       total 175104K, used 49168K [0x00000006c1c00000, 0x00000006cc700000, 0x000000076b400000)
  object space 175104K, 28% used [0x00000006c1c00000,0x00000006c4c04030,0x00000006cc700000)
 Metaspace       used 16064K, capacity 16401K, committed 16640K, reserved 1064960K
  class space    used 1612K, capacity 1760K, committed 1792K, reserved 1048576K
Event: 2.997 GC heap after
Heap after GC invocations=2 (full 0):
 PSYoungGen      total 141824K, used 3763K [0x000000076b400000, 0x0000000774900000, 0x00000007c0000000)
  eden space 131072K, 0% used [0x000000076b400000,0x000000076b400000,0x0000000773400000)
  from space 10752K, 35% used [0x0000000773e80000,0x000000077422cf80,0x0000000774900000)
  to   space 10752K, 0% used [0x0000000773400000,0x0000000773400000,0x0000000773e80000)
 ParOldGen       total 175104K, used 114712K [0x00000006c1c00000, 0x00000006cc700000, 0x000000076b400000)
  object space 175104K, 65% used [0x00000006c1c00000,0x00000006c8c06070,0x00000006cc700000)
 Metaspace       used 16064K, capacity 16401K, committed 16640K, reserved 1064960K
  class space    used 1612K, capacity 1760K, committed 1792K, reserved 1048576K
}
Event: 2.997 GC heap before
{Heap before GC invocations=3 (full 1):
 PSYoungGen      total 141824K, used 3763K [0x000000076b400000, 0x0000000774900000, 0x00000007c0000000)
  eden space 131072K, 0% used [0x000000076b400000,0x000000076b400000,0x0000000773400000)
  from space 10752K, 35% used [0x0000000773e80000,0x000000077422cf80,0x0000000774900000)
  to   space 10752K, 0% used [0x0000000773400000,0x0000000773400000,0x0000000773e80000)
 ParOldGen       total 175104K, used 114712K [0x00000006c1c00000, 0x00000006cc700000, 0x000000076b400000)
  object space 175104K, 65% used [0x00000006c1c00000,0x00000006c8c06070,0x00000006cc700000)
 Metaspace       used 16064K, capacity 16401K, committed 16640K, reserved 1064960K
  class space    used 1612K, capacity 1760K, committed 1792K, reserved 1048576K
Event: 3.028 GC heap after
Heap after GC invocations=3 (full 1):
 PSYoungGen      total 141824K, used 0K [0x000000076b400000, 0x0000000774900000, 0x00000007c0000000)
  eden space 131072K, 0% used [0x000000076b400000,0x000000076b400000,0x0000000773400000)
  from space 10752K, 0% used [0x0000000773e80000,0x0000000773e80000,0x0000000774900000)
  to   space 10752K, 0% used [0x0000000773400000,0x0000000773400000,0x0000000773e80000)
 ParOldGen       total 196096K, used 36353K [0x00000006c1c00000, 0x00000006cdb80000, 0x000000076b400000)
  object space 196096K, 18% used [0x00000006c1c00000,0x00000006c3f80590,0x00000006cdb80000)
 Metaspace       used 16064K, capacity 16401K, committed 16640K, reserved 1064960K
  class space    used 1612K, capacity 1760K, committed 1792K, reserved 1048576K
}

Deoptimization events (10 events):
Event: 0.575 Thread 0x0000000003043800 Uncommon trap: reason=null_check action=make_not_entrant pc=0x00000000032bd118 method=java.lang.String.equals(Ljava/lang/Object;)Z @ 8
Event: 2.419 Thread 0x0000000003043800 Uncommon trap: reason=unstable_if action=reinterpret pc=0x000000000346f01c method=sun.awt.image.ByteInterleavedRaster.putByteData(IIII[B)V @ 395
Event: 2.421 Thread 0x0000000003043800 Uncommon trap: reason=unstable_if action=reinterpret pc=0x0000000003481308 method=java.awt.image.ComponentColorModel.getRGB(Ljava/lang/Object;)I @ 4
Event: 2.421 Thread 0x0000000003043800 Uncommon trap: reason=unstable_if action=reinterpret pc=0x000000000347e51c method=java.awt.image.ComponentColorModel.getAlpha(Ljava/lang/Object;)I @ 4
Event: 2.421 Thread 0x0000000003043800 Uncommon trap: reason=unstable_if action=reinterpret pc=0x000000000347cffc method=java.awt.image.ComponentColorModel.extractComponent(Ljava/lang/Object;II)I @ 4
Event: 2.649 Thread 0x0000000003043800 Uncommon trap: reason=class_check action=maybe_recompile pc=0x000000000351763c method=java.io.BufferedInputStream.fill()V @ 214
Event: 2.651 Thread 0x0000000003043800 Uncommon trap: reason=unstable_if action=reinterpret pc=0x000000000341dfec method=java.lang.AbstractStringBuilder.append(Ljava/lang/String;)Ljava/lang/AbstractStringBuilder; @ 1
Event: 2.652 Thread 0x0000000003043800 Uncommon trap: reason=unstable_if action=reinterpret pc=0x00000000033e95e4 method=java.lang.AbstractStringBuilder.append(Ljava/lang/String;)Ljava/lang/AbstractStringBuilder; @ 1
Event: 2.750 Thread 0x0000000003043800 Uncommon trap: reason=unstable_if action=reinterpret pc=0x00000000035177a8 method=java.io.BufferedInputStream.read1([BII)I @ 22
Event: 2.759 Thread 0x0000000003043800 Uncommon trap: reason=unstable_if action=reinterpret pc=0x00000000032ef108 method=java.lang.String.indexOf([CII[CIII)I @ 3

Internal exceptions (10 events):
Event: 0.970 Thread 0x0000000003043800 Exception <a 'sun/nio/fs/WindowsException'> (0x000000076bc58b18) thrown at [C:\re\workspace\8-2-build-windows-amd64-cygwin\jdk8u144\9417\hotspot\src\share\vm\prims\jni.cpp, line 709]
Event: 2.651 Thread 0x0000000003043800 Implicit null exception at 0x000000000341dad9 to 0x000000000341dfd1
Event: 2.652 Thread 0x0000000003043800 Implicit null exception at 0x00000000033e9116 to 0x00000000033e95cd
Event: 2.749 Thread 0x0000000003043800 Exception <a 'java/lang/NoSuchMethodError': <clinit>> (0x000000076cb55fc0) thrown at [C:\re\workspace\8-2-build-windows-amd64-cygwin\jdk8u144\9417\hotspot\src\share\vm\prims\jni.cpp, line 1613]
Event: 2.764 Thread 0x0000000003043800 Exception <a 'java/lang/NoSuchMethodError': <clinit>> (0x000000076cb8fe28) thrown at [C:\re\workspace\8-2-build-windows-amd64-cygwin\jdk8u144\9417\hotspot\src\share\vm\prims\jni.cpp, line 1613]
Event: 2.767 Thread 0x0000000003043800 Exception <a 'java/lang/NoSuchMethodError': <clinit>> (0x000000076cba82f8) thrown at [C:\re\workspace\8-2-build-windows-amd64-cygwin\jdk8u144\9417\hotspot\src\share\vm\prims\jni.cpp, line 1613]
Event: 2.768 Thread 0x0000000003043800 Exception <a 'java/lang/NoSuchMethodError': <clinit>> (0x000000076cbac4c0) thrown at [C:\re\workspace\8-2-build-windows-amd64-cygwin\jdk8u144\9417\hotspot\src\share\vm\prims\jni.cpp, line 1613]
Event: 2.769 Thread 0x0000000003043800 Exception <a 'java/lang/NoSuchMethodError': <clinit>> (0x000000076cbb5ba8) thrown at [C:\re\workspace\8-2-build-windows-amd64-cygwin\jdk8u144\9417\hotspot\src\share\vm\prims\jni.cpp, line 1613]
Event: 2.772 Thread 0x0000000003043800 Exception <a 'java/lang/NoSuchMethodError': <clinit>> (0x000000076ccbdf38) thrown at [C:\re\workspace\8-2-build-windows-amd64-cygwin\jdk8u144\9417\hotspot\src\share\vm\prims\jni.cpp, line 1613]
Event: 3.387 Thread 0x0000000003043800 Exception <a 'java/lang/NullPointerException'> (0x000000076d0c19e8) thrown at [C:\re\workspace\8-2-build-windows-amd64-cygwin\jdk8u144\9417\hotspot\src\share\vm\interpreter\linkResolver.cpp, line 1197]

Events (10 events):
Event: 6.471 loading class java/awt/KeyboardFocusManager$2
Event: 6.471 loading class java/awt/KeyboardFocusManager$2 done
Event: 6.472 loading class sun/awt/SunToolkit$1
Event: 6.472 loading class sun/awt/SunToolkit$1 done
Event: 6.479 loading class java/awt/LightweightDispatcher$2
Event: 6.479 loading class java/awt/LightweightDispatcher$2 done
Event: 6.479 loading class java/awt/event/AWTEventListenerProxy
Event: 6.479 loading class java/awt/event/AWTEventListenerProxy done
Event: 6.479 loading class java/awt/Toolkit$ToolkitEventMulticaster
Event: 6.479 loading class java/awt/Toolkit$ToolkitEventMulticaster done


Dynamic libraries:
0x00007ff7b7840000 - 0x00007ff7b7877000 	C:\Program Files\Java\jdk1.8.0_144\bin\javaw.exe
0x00007ffff81e0000 - 0x00007ffff83c1000 	C:\WINDOWS\SYSTEM32\ntdll.dll
0x00007ffff7d60000 - 0x00007ffff7e12000 	C:\WINDOWS\System32\KERNEL32.DLL
0x00007ffff5340000 - 0x00007ffff55b3000 	C:\WINDOWS\System32\KERNELBASE.dll
0x00007ffff5ca0000 - 0x00007ffff5d41000 	C:\WINDOWS\System32\ADVAPI32.dll
0x00007ffff8040000 - 0x00007ffff80de000 	C:\WINDOWS\System32\msvcrt.dll
0x00007ffff80e0000 - 0x00007ffff813b000 	C:\WINDOWS\System32\sechost.dll
0x00007ffff7f10000 - 0x00007ffff8034000 	C:\WINDOWS\System32\RPCRT4.dll
0x00007ffff5eb0000 - 0x00007ffff6040000 	C:\WINDOWS\System32\USER32.dll
0x00007ffff46b0000 - 0x00007ffff46d0000 	C:\WINDOWS\System32\win32u.dll
0x00007ffff7c30000 - 0x00007ffff7c58000 	C:\WINDOWS\System32\GDI32.dll
0x00007ffff4a10000 - 0x00007ffff4ba2000 	C:\WINDOWS\System32\gdi32full.dll
0x00007ffff4970000 - 0x00007ffff4a0f000 	C:\WINDOWS\System32\msvcp_win.dll
0x00007ffff45b0000 - 0x00007ffff46aa000 	C:\WINDOWS\System32\ucrtbase.dll
0x00007fffde3b0000 - 0x00007fffde619000 	C:\WINDOWS\WinSxS\amd64_microsoft.windows.common-controls_6595b64144ccf1df_6.0.17134.523_none_fb409dd930672a56\COMCTL32.dll
0x00007ffff6040000 - 0x00007ffff6362000 	C:\WINDOWS\System32\combase.dll
0x00007ffff52c0000 - 0x00007ffff533a000 	C:\WINDOWS\System32\bcryptPrimitives.dll
0x00007ffff5c70000 - 0x00007ffff5c9d000 	C:\WINDOWS\System32\IMM32.DLL
0x0000000076a40000 - 0x0000000076b12000 	C:\Program Files\Java\jdk1.8.0_144\jre\bin\msvcr100.dll
0x0000000077000000 - 0x000000007789d000 	C:\Program Files\Java\jdk1.8.0_144\jre\bin\server\jvm.dll
0x00007ffff7d30000 - 0x00007ffff7d38000 	C:\WINDOWS\System32\PSAPI.DLL
0x00007fffda910000 - 0x00007fffda919000 	C:\WINDOWS\SYSTEM32\WSOCK32.dll
0x00007ffff1f30000 - 0x00007ffff1f53000 	C:\WINDOWS\SYSTEM32\WINMM.dll
0x00007fffed210000 - 0x00007fffed21a000 	C:\WINDOWS\SYSTEM32\VERSION.dll
0x00007ffff7e20000 - 0x00007ffff7e8c000 	C:\WINDOWS\System32\WS2_32.dll
0x00007ffff1f00000 - 0x00007ffff1f2a000 	C:\WINDOWS\SYSTEM32\WINMMBASE.dll
0x00007ffff55c0000 - 0x00007ffff5609000 	C:\WINDOWS\System32\cfgmgr32.dll
0x0000000052090000 - 0x000000005209f000 	C:\Program Files\Java\jdk1.8.0_144\jre\bin\verify.dll
0x0000000052060000 - 0x0000000052089000 	C:\Program Files\Java\jdk1.8.0_144\jre\bin\java.dll
0x0000000077d90000 - 0x0000000077dc5000 	C:\Program Files\Java\jdk1.8.0_144\jre\bin\jdwp.dll
0x0000000050000000 - 0x0000000050008000 	C:\Program Files\Java\jdk1.8.0_144\jre\bin\npt.dll
0x0000000050460000 - 0x0000000050476000 	C:\Program Files\Java\jdk1.8.0_144\jre\bin\zip.dll
0x00007ffff63d0000 - 0x00007ffff7810000 	C:\WINDOWS\System32\SHELL32.dll
0x00007ffff5ad0000 - 0x00007ffff5b79000 	C:\WINDOWS\System32\shcore.dll
0x00007ffff4bb0000 - 0x00007ffff52bd000 	C:\WINDOWS\System32\windows.storage.dll
0x00007ffff7b30000 - 0x00007ffff7b81000 	C:\WINDOWS\System32\shlwapi.dll
0x00007ffff4570000 - 0x00007ffff4581000 	C:\WINDOWS\System32\kernel.appcore.dll
0x00007ffff4550000 - 0x00007ffff456f000 	C:\WINDOWS\System32\profapi.dll
0x00007ffff44f0000 - 0x00007ffff453c000 	C:\WINDOWS\System32\powrprof.dll
0x00007ffff4540000 - 0x00007ffff454a000 	C:\WINDOWS\System32\FLTLIB.DLL
0x0000000077d80000 - 0x0000000077d89000 	C:\Program Files\Java\jdk1.8.0_144\jre\bin\dt_socket.dll
0x00007fffc1200000 - 0x00007fffc1216000 	C:\WINDOWS\system32\napinsp.dll
0x00007fffc11e0000 - 0x00007fffc11fa000 	C:\WINDOWS\system32\pnrpnsp.dll
0x00007ffff0be0000 - 0x00007ffff0bf9000 	C:\WINDOWS\system32\NLAapi.dll
0x00007ffff3d70000 - 0x00007ffff3dd6000 	C:\WINDOWS\System32\mswsock.dll
0x00007ffff3b30000 - 0x00007ffff3bee000 	C:\WINDOWS\SYSTEM32\DNSAPI.dll
0x00007ffff5ac0000 - 0x00007ffff5ac8000 	C:\WINDOWS\System32\NSI.dll
0x00007ffff3af0000 - 0x00007ffff3b28000 	C:\WINDOWS\SYSTEM32\IPHLPAPI.DLL
0x00007fffc4220000 - 0x00007fffc422e000 	C:\WINDOWS\System32\winrnr.dll
0x00007fffedd70000 - 0x00007fffedd85000 	C:\WINDOWS\System32\wshbth.dll
0x00007fffe7de0000 - 0x00007fffe7e52000 	C:\WINDOWS\System32\fwpuclnt.dll
0x00007ffff4050000 - 0x00007ffff4075000 	C:\WINDOWS\SYSTEM32\bcrypt.dll
0x00007fffe7560000 - 0x00007fffe756a000 	C:\Windows\System32\rasadhlp.dll
0x00000000768a0000 - 0x0000000076a38000 	C:\Program Files\Java\jdk1.8.0_144\jre\bin\awt.dll
0x00007ffff7c60000 - 0x00007ffff7d22000 	C:\WINDOWS\System32\OLEAUT32.dll
0x00007ffff2560000 - 0x00007ffff25eb000 	C:\WINDOWS\SYSTEM32\apphelp.dll
0x00007ffff2970000 - 0x00007ffff2999000 	C:\WINDOWS\system32\DWMAPI.DLL
0x00007ffff2710000 - 0x00007ffff27a8000 	C:\WINDOWS\system32\uxtheme.dll
0x00007fffc9430000 - 0x00007fffc9550000 	C:\WINDOWS\system32\opengl32.dll
0x00007fffe0730000 - 0x00007fffe075c000 	C:\WINDOWS\SYSTEM32\GLU32.dll
0x00007ffff79b0000 - 0x00007ffff7b23000 	C:\WINDOWS\System32\MSCTF.dll
0x00007ffff5d50000 - 0x00007ffff5ea1000 	C:\WINDOWS\System32\ole32.dll
0x0000000050440000 - 0x000000005045a000 	C:\Program Files\Java\jdk1.8.0_144\jre\bin\net.dll
0x0000000050420000 - 0x0000000050431000 	C:\Program Files\Java\jdk1.8.0_144\jre\bin\nio.dll
0x00007fffc1ae0000 - 0x00007fffc1b37000 	C:\Users\Alan\AppData\Local\Temp\lwjglAlan\3.1.1-build-16\lwjgl.dll
0x00007ffff3f40000 - 0x00007ffff3f4b000 	C:\WINDOWS\SYSTEM32\CRYPTBASE.DLL
0x00007fffe2590000 - 0x00007fffe25cc000 	C:\Users\Alan\AppData\Local\Temp\lwjglAlan\3.1.1-build-16\glfw.dll
0x00007fffdee10000 - 0x00007fffdee89000 	C:\WINDOWS\SYSTEM32\inputhost.dll
0x00007ffff0380000 - 0x00007ffff04cd000 	C:\WINDOWS\SYSTEM32\wintypes.dll
0x00007ffff22a0000 - 0x00007ffff237a000 	C:\WINDOWS\SYSTEM32\CoreMessaging.dll
0x00007fffef310000 - 0x00007fffef62e000 	C:\WINDOWS\SYSTEM32\CoreUIComponents.dll
0x00007ffff35e0000 - 0x00007ffff3611000 	C:\WINDOWS\SYSTEM32\ntmarta.dll
0x00007fff90680000 - 0x00007fff913c9000 	C:\WINDOWS\System32\DriverStore\FileRepository\igdlh64.inf_amd64_77c71c7a18780f10\ig9icd64.dll
0x00007ffff0ea0000 - 0x00007ffff0eb3000 	C:\WINDOWS\SYSTEM32\WTSAPI32.dll
0x00007fffea070000 - 0x00007fffeb1cc000 	C:\WINDOWS\System32\DriverStore\FileRepository\igdlh64.inf_amd64_77c71c7a18780f10\igc64.dll
0x00007ffff31f0000 - 0x00007ffff32ab000 	C:\WINDOWS\SYSTEM32\dxgi.dll
0x00007ffff1480000 - 0x00007ffff178b000 	C:\WINDOWS\SYSTEM32\d3d11.dll
0x00007fffe22c0000 - 0x00007fffe2356000 	C:\WINDOWS\System32\TextInputFramework.dll
0x00007fffbefe0000 - 0x00007fffbf03f000 	C:\Users\Alan\AppData\Local\Temp\lwjglAlan\3.1.1-build-16\lwjgl_opengl.dll
0x00007fffb4b90000 - 0x00007fffb4c7f000 	C:\Program Files\Java\jdk1.8.0_144\jre\bin\msvcr120.dll
0x00007fffab2d0000 - 0x00007fffab376000 	C:\Program Files\Java\jdk1.8.0_144\jre\bin\msvcp120.dll
0x0000000076ee0000 - 0x0000000076f02000 	C:\Program Files\Java\jdk1.8.0_144\jre\bin\prism_d3d.dll
0x00007fffee8c0000 - 0x00007fffeea57000 	C:\WINDOWS\system32\d3d9.dll
0x0000000076e90000 - 0x0000000076ed3000 	C:\Program Files\Java\jdk1.8.0_144\jre\bin\glass.dll
0x00007ffff5b80000 - 0x00007ffff5c6d000 	C:\WINDOWS\System32\COMDLG32.dll
0x0000000076850000 - 0x0000000076897000 	C:\Program Files\Java\jdk1.8.0_144\jre\bin\fontmanager.dll
0x00007fffe7f60000 - 0x00007fffe8129000 	C:\WINDOWS\SYSTEM32\dbghelp.dll

VM Arguments:
jvm_args: -agentlib:jdwp=transport=dt_socket,suspend=y,address=localhost:50870 -Dfile.encoding=UTF-8 
java_command: MainGame
java_class_path (initial): C:\Users\Alan\Documents\Java Projects\LightJavaGame_LevelEditor\bin;C:\Users\Alan\Documents\Java Projects\LightJavaGame_LevelEditor\LIBS\lwjgl-natives-linux.jar;C:\Users\Alan\Documents\Java Projects\LightJavaGame_LevelEditor\LIBS\lwjgl-natives-macos.jar;C:\Users\Alan\Documents\Java Projects\LightJavaGame_LevelEditor\LIBS\lwjgl-natives-windows.jar;C:\Users\Alan\Documents\Java Projects\LightJavaGame_LevelEditor\LIBS\lwjgl.jar;C:\Users\Alan\Documents\Java Projects\LightJavaGame_LevelEditor\LIBS\lwjgl-assimp-natives-linux.jar;C:\Users\Alan\Documents\Java Projects\LightJavaGame_LevelEditor\LIBS\lwjgl-assimp-natives-macos.jar;C:\Users\Alan\Documents\Java Projects\LightJavaGame_LevelEditor\LIBS\lwjgl-assimp-natives-windows.jar;C:\Users\Alan\Documents\Java Projects\LightJavaGame_LevelEditor\LIBS\lwjgl-assimp.jar;C:\Users\Alan\Documents\Java Projects\LightJavaGame_LevelEditor\LIBS\lwjgl-glfw-natives-linux.jar;C:\Users\Alan\Documents\Java Projects\LightJavaGame_LevelEditor\LIBS\lwjgl-glfw-natives-macos.jar;C:\Users\Alan\Documents\Java Projects\LightJavaGame_LevelEditor\LIBS\lwjgl-glfw-natives-windows.jar;C:\Users\Alan\Documents\Java Projects\LightJavaGame_LevelEditor\LIBS\lwjgl-glfw.jar;C:\Users\Alan\Documents\Java Projects\LightJavaGame_LevelEditor\LIBS\lwjgl-opengl-natives-linux.jar;C:\Users\Alan\Documents\Java Projects\LightJavaGame_LevelEditor\LIBS\lwjgl-opengl-natives-macos.jar;C:\Users\Alan\Documents\Java Projects\LightJavaGame_LevelEditor\LIBS\lwjgl-opengl-natives-windows.jar;C:\Users\Alan\Documents\Java Projects\LightJavaGame_LevelEditor\LIBS\lwjgl-opengl.jar;C:\Users\Alan\Documents\Java Projects\LightJavaGame_LevelEditor\LIBS\lwjgl-ovr-natives-windows.jar;C:\Users\Alan\Documents\Java Projects\LightJavaGame_LevelEditor\LIBS\lwjgl-ovr.jar;C:\Users\Alan\Documents\Java Projects\LightJavaGame_LevelEditor\LIBS\lwjgl-stb-natives-linux.jar;C:\Users\Alan\Documents\Java Projects\LightJavaGame_LevelEditor\LIBS\lwjgl-stb-natives-macos.jar;C:\Users\Al
Launcher Type: SUN_STANDARD

Environment Variables:
PATH=C:\Program Files\Java\jdk1.8.0_144\jre\bin;C:/Program Files/Java/jdk1.8.0_144/jre/bin/server;C:/Program Files/Java/jdk1.8.0_144/jre/bin;C:/Program Files/Java/jdk1.8.0_144/jre/lib/amd64;C:\Program Files (x86)\Common Files\Oracle\Java\javapath;C:\Program Files (x86)\Intel\iCLS Client\;C:\ProgramData\Oracle\Java\javapath;C:\Program Files\Intel\iCLS Client\;C:\Windows\system32;C:\Windows;C:\Windows\System32\Wbem;C:\Windows\System32\WindowsPowerShell\v1.0\;C:\Program Files (x86)\NVIDIA Corporation\PhysX\Common;C:\WINDOWS\system32;C:\WINDOWS;C:\WINDOWS\System32\Wbem;C:\WINDOWS\System32\WindowsPowerShell\v1.0\;C:\Program Files\Microsoft SQL Server\130\Tools\Binn\;C:\Program Files\dotnet\;C:\Program Files (x86)\Skype\Phone\;C:\Program Files (x86)\Intel\Intel(R) Management Engine Components\DAL;C:\Program Files\Intel\Intel(R) Management Engine Components\DAL;C:\Program Files (x86)\Intel\Intel(R) Management Engine Components\IPT;C:\Program Files\Intel\Intel(R) Management Engine Components\IPT;C:\WINDOWS\System32\OpenSSH\;C:\Program Files\Intel\WiFi\bin\;C:\Program Files\Common Files\Intel\WirelessCommon\;C:\Program Files\NVIDIA Corporation\NVIDIA NvDLISR;C:\Program Files\Microsoft SQL Server\Client SDK\ODBC\130\Tools\Binn\;C:\Program Files (x86)\Microsoft SQL Server\140\Tools\Binn\;C:\Program Files\Microsoft SQL Server\140\Tools\Binn\;C:\Program Files\Microsoft SQL Server\140\DTS\Binn\;C:\Program Files (x86)\Microsoft SQL Server\Client SDK\ODBC\130\Tools\Binn\;C:\Program Files (x86)\Microsoft SQL Server\140\DTS\Binn\;C:\Program Files (x86)\Microsoft SQL Server\140\Tools\Binn\ManagementStudio\;C:\MinGW64\mingw64\bin;C:\Users\Alan\AppData\Local\Microsoft\WindowsApps;C:\Program Files\Intel\WiFi\bin\;C:\Program Files\Common Files\Intel\WirelessCommon\;C:\Users\Alan\AppData\Local\GitHubDesktop\bin;C:\WINDOWS\System32;
USERNAME=Alan
OS=Windows_NT
PROCESSOR_IDENTIFIER=Intel64 Family 6 Model 94 Stepping 3, GenuineIntel



---------------  S Y S T E M  ---------------

OS: Windows 10.0 , 64 bit Build 17134 (10.0.17134.1)

CPU:total 8 (initial active 8) (4 cores per cpu, 2 threads per core) family 6 model 94 stepping 3, cmov, cx8, fxsr, mmx, sse, sse2, sse3, ssse3, sse4.1, sse4.2, popcnt, avx, avx2, aes, clmul, erms, rtm, 3dnowpref, lzcnt, ht, tsc, tscinvbit, bmi1, bmi2, adx

Memory: 4k page, physical 16657284k(8383700k free), swap 19147652k(9301812k free)

vm_info: Java HotSpot(TM) 64-Bit Server VM (25.144-b01) for windows-amd64 JRE (1.8.0_144-b01), built on Jul 21 2017 21:57:33 by "java_re" with MS VC++ 10.0 (VS2010)

time: Mon Jan 28 14:43:56 2019
elapsed time: 6 seconds (0d 0h 0m 6s)

