#
# A fatal error has been detected by the Java Runtime Environment:
#
#  EXCEPTION_ACCESS_VIOLATION (0xc0000005) at pc=0x00007fffbefe3c1d, pid=9760, tid=0x0000000000003278
#
# JRE version: Java(TM) SE Runtime Environment (8.0_144-b01) (build 1.8.0_144-b01)
# Java VM: Java HotSpot(TM) 64-Bit Server VM (25.144-b01 mixed mode windows-amd64 compressed oops)
# Problematic frame:
# C  [lwjgl_opengl.dll+0x3c1d]
#
# Failed to write core dump. Minidumps are not enabled by default on client versions of Windows
#
# If you would like to submit a bug report, please visit:
#   http://bugreport.java.com/bugreport/crash.jsp
# The crash happened outside the Java Virtual Machine in native code.
# See problematic frame for where to report the bug.
#

---------------  T H R E A D  ---------------

Current thread (0x000000002c2e1000):  JavaThread "AWT-EventQueue-0" [_thread_in_native, id=12920, stack(0x000000002dce0000,0x000000002dde0000)]

siginfo: ExceptionCode=0xc0000005, reading address 0x0000000000000940

Registers:
RAX=0x00000000777a1d50, RBX=0x000000001bf1f0a0, RCX=0x0000000000000001, RDX=0x000000002c22807c
RSP=0x000000002dddd348, RBP=0x000000002dddd3c8, RSI=0x000000002c22807c, RDI=0x00000000027f835d
R8 =0x0000000000000001, R9 =0x000000002c22807c, R10=0x0000000000000000, R11=0x000000007722bc50
R12=0x0000000000000000, R13=0x000000001bf1f0a0, R14=0x000000002dddd3f8, R15=0x000000002c2e1000
RIP=0x00007fffbefe3c1d, EFLAGS=0x0000000000010206

Top of Stack: (sp=0x000000002dddd348)
0x000000002dddd348:   0000000002807f74 00000000027f835d
0x000000002dddd358:   0000000002807ceb 000000002c2e1000
0x000000002dddd368:   000000001bf1f0a0 000000002c22807c
0x000000002dddd378:   000000002c2e1000 0000000002807ca2
0x000000002dddd388:   000000002dddd388 000000001bf1f0a0
0x000000002dddd398:   000000002dddd3f8 000000001bf25828
0x000000002dddd3a8:   0000000000000000 000000001bf1f0a0
0x000000002dddd3b8:   0000000000000000 000000002dddd3e8
0x000000002dddd3c8:   000000002dddd440 00000000027f835d
0x000000002dddd3d8:   000000076f48cd88 00000000028019d8
0x000000002dddd3e8:   000000002c22807c 000000076ccc2518
0x000000002dddd3f8:   0000000000000001 000000002dddd400
0x000000002dddd408:   000000001bf1f1f4 000000002dddd470
0x000000002dddd418:   000000001bf25828 0000000000000000
0x000000002dddd428:   000000001bf1f260 000000002dddd3e8
0x000000002dddd438:   000000002dddd470 000000002dddd4b8 

Instructions: (pc=0x00007fffbefe3c1d)
0x00007fffbefe3bfd:   49 ff a2 50 01 00 00 cc cc cc cc cc cc cc cc cc
0x00007fffbefe3c0d:   cc cc cc 48 8b 01 49 8b d1 41 8b c8 4c 8b 50 18
0x00007fffbefe3c1d:   49 ff a2 40 09 00 00 cc cc cc cc cc cc cc cc cc
0x00007fffbefe3c2d:   cc cc cc 48 8b 01 49 8b d1 41 8b c8 4c 8b 50 18 


Register to memory mapping:

RAX=0x00000000777a1d50 is an unknown value
RBX={method} {0x000000001bf1f0a8} 'nglDeleteFramebuffers' '(IJ)V' in 'org/lwjgl/opengl/GL30'
RCX=0x0000000000000001 is an unknown value
RDX=0x000000002c22807c is an unknown value
RSP=0x000000002dddd348 is pointing into the stack for thread: 0x000000002c2e1000
RBP=0x000000002dddd3c8 is pointing into the stack for thread: 0x000000002c2e1000
RSI=0x000000002c22807c is an unknown value
RDI=0x00000000027f835d is at code_begin+2301 in an Interpreter codelet
invoke return entry points  [0x00000000027f7a60, 0x00000000027f8440]  2528 bytes
R8 =0x0000000000000001 is an unknown value
R9 =0x000000002c22807c is an unknown value
R10=0x0000000000000000 is an unknown value
R11=0x000000007722bc50 is an unknown value
R12=0x0000000000000000 is an unknown value
R13={method} {0x000000001bf1f0a8} 'nglDeleteFramebuffers' '(IJ)V' in 'org/lwjgl/opengl/GL30'
R14=0x000000002dddd3f8 is pointing into the stack for thread: 0x000000002c2e1000
R15=0x000000002c2e1000 is a thread


Stack: [0x000000002dce0000,0x000000002dde0000],  sp=0x000000002dddd348,  free space=1012k
Native frames: (J=compiled Java code, j=interpreted, Vv=VM code, C=native code)
C  [lwjgl_opengl.dll+0x3c1d]

Java frames: (J=compiled Java code, j=interpreted, Vv=VM code)
j  org.lwjgl.opengl.GL30.nglDeleteFramebuffers(IJ)V+0
j  org.lwjgl.opengl.GL30.glDeleteFramebuffers(I)V+20
j  openGLEngine.Surface.dispose()V+4
j  openGLEngine.Game.end()V+3
j  glLevelEditor.ConsoleThing$1.windowClosing(Ljava/awt/event/WindowEvent;)V+7
j  java.awt.Window.processWindowEvent(Ljava/awt/event/WindowEvent;)V+68
j  javax.swing.JFrame.processWindowEvent(Ljava/awt/event/WindowEvent;)V+2
j  java.awt.Window.processEvent(Ljava/awt/AWTEvent;)V+69
j  java.awt.Component.dispatchEventImpl(Ljava/awt/AWTEvent;)V+589
j  java.awt.Container.dispatchEventImpl(Ljava/awt/AWTEvent;)V+42
j  java.awt.Window.dispatchEventImpl(Ljava/awt/AWTEvent;)V+19
j  java.awt.Component.dispatchEvent(Ljava/awt/AWTEvent;)V+2
j  java.awt.EventQueue.dispatchEventImpl(Ljava/awt/AWTEvent;Ljava/lang/Object;)V+41
j  java.awt.EventQueue.access$500(Ljava/awt/EventQueue;Ljava/awt/AWTEvent;Ljava/lang/Object;)V+3
j  java.awt.EventQueue$3.run()Ljava/lang/Void;+32
j  java.awt.EventQueue$3.run()Ljava/lang/Object;+1
v  ~StubRoutines::call_stub
j  java.security.AccessController.doPrivileged(Ljava/security/PrivilegedAction;Ljava/security/AccessControlContext;)Ljava/lang/Object;+0
j  java.security.ProtectionDomain$JavaSecurityAccessImpl.doIntersectionPrivilege(Ljava/security/PrivilegedAction;Ljava/security/AccessControlContext;Ljava/security/AccessControlContext;)Ljava/lang/Object;+18
j  java.security.ProtectionDomain$JavaSecurityAccessImpl.doIntersectionPrivilege(Ljava/security/PrivilegedAction;Ljava/security/AccessControlContext;)Ljava/lang/Object;+6
j  java.awt.EventQueue$4.run()Ljava/lang/Void;+11
j  java.awt.EventQueue$4.run()Ljava/lang/Object;+1
v  ~StubRoutines::call_stub
j  java.security.AccessController.doPrivileged(Ljava/security/PrivilegedAction;Ljava/security/AccessControlContext;)Ljava/lang/Object;+0
j  java.security.ProtectionDomain$JavaSecurityAccessImpl.doIntersectionPrivilege(Ljava/security/PrivilegedAction;Ljava/security/AccessControlContext;Ljava/security/AccessControlContext;)Ljava/lang/Object;+18
j  java.awt.EventQueue.dispatchEvent(Ljava/awt/AWTEvent;)V+73
j  java.awt.EventDispatchThread.pumpOneEventForFilters(I)V+245
j  java.awt.EventDispatchThread.pumpEventsForFilter(ILjava/awt/Conditional;Ljava/awt/EventFilter;)V+35
j  java.awt.EventDispatchThread.pumpEventsForHierarchy(ILjava/awt/Conditional;Ljava/awt/Component;)V+11
j  java.awt.EventDispatchThread.pumpEvents(ILjava/awt/Conditional;)V+4
j  java.awt.EventDispatchThread.pumpEvents(Ljava/awt/Conditional;)V+3
j  java.awt.EventDispatchThread.run()V+9
v  ~StubRoutines::call_stub

---------------  P R O C E S S  ---------------

Java Threads: ( => current thread )
=>0x000000002c2e1000 JavaThread "AWT-EventQueue-0" [_thread_in_native, id=12920, stack(0x000000002dce0000,0x000000002dde0000)]
  0x000000002c2e0800 JavaThread "AWT-Shutdown" [_thread_blocked, id=3600, stack(0x000000002dbe0000,0x000000002dce0000)]
  0x000000001f3f4800 JavaThread "Thread-3" daemon [_thread_in_native, id=12488, stack(0x00000000268d0000,0x00000000269d0000)]
  0x000000001f349800 JavaThread "JavaFX Application Thread" [_thread_in_native, id=4776, stack(0x0000000026330000,0x0000000026430000)]
  0x000000001f348000 JavaThread "Thread-2" daemon [_thread_blocked, id=3180, stack(0x0000000026230000,0x0000000026330000)]
  0x000000001f488000 JavaThread "QuantumRenderer-0" daemon [_thread_blocked, id=11980, stack(0x0000000025f30000,0x0000000026030000)]
  0x000000001e4dd000 JavaThread "AWT-Windows" daemon [_thread_in_native, id=11376, stack(0x000000001fa30000,0x000000001fb30000)]
  0x000000001f068800 JavaThread "Java2D Disposer" daemon [_thread_blocked, id=2064, stack(0x000000001f810000,0x000000001f910000)]
  0x000000001e1ab800 JavaThread "Service Thread" daemon [_thread_blocked, id=15336, stack(0x000000001ecd0000,0x000000001edd0000)]
  0x000000001e11b000 JavaThread "C1 CompilerThread3" daemon [_thread_blocked, id=13372, stack(0x000000001ebd0000,0x000000001ecd0000)]
  0x000000001e11e000 JavaThread "C2 CompilerThread2" daemon [_thread_blocked, id=12796, stack(0x000000001ead0000,0x000000001ebd0000)]
  0x000000001e113000 JavaThread "C2 CompilerThread1" daemon [_thread_blocked, id=5924, stack(0x000000001e9d0000,0x000000001ead0000)]
  0x000000001e10d000 JavaThread "C2 CompilerThread0" daemon [_thread_blocked, id=14032, stack(0x000000001e8d0000,0x000000001e9d0000)]
  0x000000001e10c000 JavaThread "Attach Listener" daemon [_thread_blocked, id=14596, stack(0x000000001e7d0000,0x000000001e8d0000)]
  0x000000001e107000 JavaThread "Signal Dispatcher" daemon [_thread_blocked, id=15644, stack(0x000000001e6d0000,0x000000001e7d0000)]
  0x000000001e100800 JavaThread "Finalizer" daemon [_thread_blocked, id=9860, stack(0x000000001e4e0000,0x000000001e5e0000)]
  0x00000000027e6000 JavaThread "Reference Handler" daemon [_thread_blocked, id=8716, stack(0x000000001dfe0000,0x000000001e0e0000)]
  0x00000000026f2800 JavaThread "main" [_thread_in_native, id=5124, stack(0x00000000025f0000,0x00000000026f0000)]

Other Threads:
  0x000000001c209800 VMThread [stack: 0x000000001dee0000,0x000000001dfe0000] [id=9172]
  0x000000001e1d7800 WatcherThread [stack: 0x000000001edd0000,0x000000001eed0000] [id=1152]

VM state:not at safepoint (normal execution)

VM Mutex/Monitor currently owned by a thread: None

Heap:
 PSYoungGen      total 76288K, used 30530K [0x000000076b400000, 0x0000000774900000, 0x00000007c0000000)
  eden space 65536K, 40% used [0x000000076b400000,0x000000076cdede40,0x000000076f400000)
  from space 10752K, 37% used [0x000000076f400000,0x000000076f7e2b30,0x000000076fe80000)
  to   space 10752K, 0% used [0x0000000773e80000,0x0000000773e80000,0x0000000774900000)
 ParOldGen       total 175104K, used 49168K [0x00000006c1c00000, 0x00000006cc700000, 0x000000076b400000)
  object space 175104K, 28% used [0x00000006c1c00000,0x00000006c4c04030,0x00000006cc700000)
 Metaspace       used 15978K, capacity 16317K, committed 16640K, reserved 1064960K
  class space    used 1618K, capacity 1760K, committed 1792K, reserved 1048576K

Card table byte_map: [0x0000000011bb0000,0x00000000123b0000] byte_map_base: 0x000000000e5a2000

Marking Bits: (ParMarkBitMap*) 0x000000007781d850
 Begin Bits: [0x0000000013100000, 0x0000000017090000)
 End Bits:   [0x0000000017090000, 0x000000001b020000)

Polling page: 0x00000000003f0000

CodeCache: size=245760Kb used=4251Kb max_used=4251Kb free=241508Kb
 bounds [0x00000000027f0000, 0x0000000002c20000, 0x00000000117f0000]
 total_blobs=2091 nmethods=1078 adapters=926
 compilation: enabled

Compilation events (10 events):
Event: 4.051 Thread 0x000000001e11b000 1074       3       java.util.concurrent.locks.AbstractQueuedSynchronizer::compareAndSetState (13 bytes)
Event: 4.052 Thread 0x000000001e11b000 nmethod 1074 0x0000000002c17050 code [0x0000000002c171a0, 0x0000000002c17310]
Event: 4.052 Thread 0x000000001e11b000 1075       1       java.awt.Component::getParent_NoClientCode (5 bytes)
Event: 4.052 Thread 0x000000001e11b000 nmethod 1075 0x0000000002c17390 code [0x0000000002c174e0, 0x0000000002c175f0]
Event: 4.052 Thread 0x000000001e11b000 1076       3       java.util.concurrent.locks.AbstractQueuedSynchronizer::release (33 bytes)
Event: 4.052 Thread 0x000000001e11b000 nmethod 1076 0x0000000002c17650 code [0x0000000002c177c0, 0x0000000002c17ad8]
Event: 4.052 Thread 0x000000001e11b000 1077       3       sun.util.locale.LocaleUtils::toLower (17 bytes)
Event: 4.053 Thread 0x000000001e11b000 nmethod 1077 0x0000000002c17bd0 code [0x0000000002c17d40, 0x0000000002c17fb0]
Event: 4.053 Thread 0x000000001e11b000 1078       3       java.util.concurrent.locks.ReentrantLock$Sync::tryRelease (45 bytes)
Event: 4.053 Thread 0x000000001e11b000 nmethod 1078 0x0000000002c18050 code [0x0000000002c181e0, 0x0000000002c18788]

GC Heap History (2 events):
Event: 1.624 GC heap before
{Heap before GC invocations=1 (full 0):
 PSYoungGen      total 76288K, used 56217K [0x000000076b400000, 0x0000000770900000, 0x00000007c0000000)
  eden space 65536K, 85% used [0x000000076b400000,0x000000076eae67d0,0x000000076f400000)
  from space 10752K, 0% used [0x000000076fe80000,0x000000076fe80000,0x0000000770900000)
  to   space 10752K, 0% used [0x000000076f400000,0x000000076f400000,0x000000076fe80000)
 ParOldGen       total 175104K, used 0K [0x00000006c1c00000, 0x00000006cc700000, 0x000000076b400000)
  object space 175104K, 0% used [0x00000006c1c00000,0x00000006c1c00000,0x00000006cc700000)
 Metaspace       used 12713K, capacity 13005K, committed 13184K, reserved 1060864K
  class space    used 1215K, capacity 1323K, committed 1408K, reserved 1048576K
Event: 1.647 GC heap after
Heap after GC invocations=1 (full 0):
 PSYoungGen      total 76288K, used 3978K [0x000000076b400000, 0x0000000774900000, 0x00000007c0000000)
  eden space 65536K, 0% used [0x000000076b400000,0x000000076b400000,0x000000076f400000)
  from space 10752K, 37% used [0x000000076f400000,0x000000076f7e2b30,0x000000076fe80000)
  to   space 10752K, 0% used [0x0000000773e80000,0x0000000773e80000,0x0000000774900000)
 ParOldGen       total 175104K, used 49168K [0x00000006c1c00000, 0x00000006cc700000, 0x000000076b400000)
  object space 175104K, 28% used [0x00000006c1c00000,0x00000006c4c04030,0x00000006cc700000)
 Metaspace       used 12713K, capacity 13005K, committed 13184K, reserved 1060864K
  class space    used 1215K, capacity 1323K, committed 1408K, reserved 1048576K
}

Deoptimization events (10 events):
Event: 2.194 Thread 0x00000000026f2800 Uncommon trap: reason=unstable_if action=reinterpret pc=0x0000000002b17588 method=java.awt.image.ComponentColorModel.getRGB(Ljava/lang/Object;)I @ 4
Event: 2.194 Thread 0x00000000026f2800 Uncommon trap: reason=unstable_if action=reinterpret pc=0x0000000002b1689c method=java.awt.image.ComponentColorModel.getAlpha(Ljava/lang/Object;)I @ 4
Event: 2.194 Thread 0x00000000026f2800 Uncommon trap: reason=unstable_if action=reinterpret pc=0x0000000002b1589c method=java.awt.image.ComponentColorModel.extractComponent(Ljava/lang/Object;II)I @ 4
Event: 2.194 Thread 0x00000000026f2800 Uncommon trap: reason=unstable_if action=reinterpret pc=0x0000000002b223cc method=java.awt.image.ComponentColorModel.getAlpha(Ljava/lang/Object;)I @ 4
Event: 2.401 Thread 0x00000000026f2800 Uncommon trap: reason=class_check action=maybe_recompile pc=0x0000000002ba426c method=java.io.BufferedInputStream.fill()V @ 214
Event: 2.403 Thread 0x00000000026f2800 Uncommon trap: reason=unstable_if action=reinterpret pc=0x0000000002ab9018 method=java.lang.AbstractStringBuilder.append(Ljava/lang/String;)Ljava/lang/AbstractStringBuilder; @ 1
Event: 2.404 Thread 0x00000000026f2800 Uncommon trap: reason=unstable_if action=reinterpret pc=0x0000000002a856d0 method=java.lang.AbstractStringBuilder.append(Ljava/lang/String;)Ljava/lang/AbstractStringBuilder; @ 1
Event: 2.519 Thread 0x00000000026f2800 Uncommon trap: reason=unstable_if action=reinterpret pc=0x0000000002ba4330 method=java.io.BufferedInputStream.read1([BII)I @ 22
Event: 2.529 Thread 0x00000000026f2800 Uncommon trap: reason=unstable_if action=reinterpret pc=0x00000000029906e4 method=java.lang.String.indexOf([CII[CIII)I @ 3
Event: 3.559 Thread 0x00000000026f2800 Uncommon trap: reason=unloaded action=reinterpret pc=0x0000000002bf4f80 method=java.lang.Math.floor(D)D @ 1

Internal exceptions (10 events):
Event: 0.762 Thread 0x00000000026f2800 Exception <a 'sun/nio/fs/WindowsException'> (0x000000076bb0fbd0) thrown at [C:\re\workspace\8-2-build-windows-amd64-cygwin\jdk8u144\9417\hotspot\src\share\vm\prims\jni.cpp, line 709]
Event: 0.762 Thread 0x00000000026f2800 Exception <a 'sun/nio/fs/WindowsException'> (0x000000076bb10060) thrown at [C:\re\workspace\8-2-build-windows-amd64-cygwin\jdk8u144\9417\hotspot\src\share\vm\prims\jni.cpp, line 709]
Event: 2.403 Thread 0x00000000026f2800 Implicit null exception at 0x0000000002ab8c56 to 0x0000000002ab9001
Event: 2.404 Thread 0x00000000026f2800 Implicit null exception at 0x0000000002a85316 to 0x0000000002a856b9
Event: 2.513 Thread 0x00000000026f2800 Exception <a 'java/lang/NoSuchMethodError': <clinit>> (0x000000076cb50f78) thrown at [C:\re\workspace\8-2-build-windows-amd64-cygwin\jdk8u144\9417\hotspot\src\share\vm\prims\jni.cpp, line 1613]
Event: 2.534 Thread 0x00000000026f2800 Exception <a 'java/lang/NoSuchMethodError': <clinit>> (0x000000076cb8ade0) thrown at [C:\re\workspace\8-2-build-windows-amd64-cygwin\jdk8u144\9417\hotspot\src\share\vm\prims\jni.cpp, line 1613]
Event: 2.537 Thread 0x00000000026f2800 Exception <a 'java/lang/NoSuchMethodError': <clinit>> (0x000000076cba32b0) thrown at [C:\re\workspace\8-2-build-windows-amd64-cygwin\jdk8u144\9417\hotspot\src\share\vm\prims\jni.cpp, line 1613]
Event: 2.537 Thread 0x00000000026f2800 Exception <a 'java/lang/NoSuchMethodError': <clinit>> (0x000000076cba7478) thrown at [C:\re\workspace\8-2-build-windows-amd64-cygwin\jdk8u144\9417\hotspot\src\share\vm\prims\jni.cpp, line 1613]
Event: 2.539 Thread 0x00000000026f2800 Exception <a 'java/lang/NoSuchMethodError': <clinit>> (0x000000076cbb0b60) thrown at [C:\re\workspace\8-2-build-windows-amd64-cygwin\jdk8u144\9417\hotspot\src\share\vm\prims\jni.cpp, line 1613]
Event: 2.542 Thread 0x00000000026f2800 Exception <a 'java/lang/NoSuchMethodError': <clinit>> (0x000000076cbc30a0) thrown at [C:\re\workspace\8-2-build-windows-amd64-cygwin\jdk8u144\9417\hotspot\src\share\vm\prims\jni.cpp, line 1613]

Events (10 events):
Event: 4.047 loading class java/awt/KeyboardFocusManager$2
Event: 4.047 loading class java/awt/KeyboardFocusManager$2 done
Event: 4.047 loading class sun/awt/SunToolkit$1
Event: 4.048 loading class sun/awt/SunToolkit$1 done
Event: 4.052 loading class java/awt/LightweightDispatcher$2
Event: 4.052 loading class java/awt/LightweightDispatcher$2 done
Event: 4.052 loading class java/awt/event/AWTEventListenerProxy
Event: 4.052 loading class java/awt/event/AWTEventListenerProxy done
Event: 4.052 loading class java/awt/Toolkit$ToolkitEventMulticaster
Event: 4.052 loading class java/awt/Toolkit$ToolkitEventMulticaster done


Dynamic libraries:
0x00007ff7b7840000 - 0x00007ff7b7877000 	C:\Program Files\Java\jdk1.8.0_144\bin\javaw.exe
0x00007ffff81e0000 - 0x00007ffff83c1000 	C:\WINDOWS\SYSTEM32\ntdll.dll
0x00007ffff7d60000 - 0x00007ffff7e12000 	C:\WINDOWS\System32\KERNEL32.DLL
0x00007ffff5340000 - 0x00007ffff55b3000 	C:\WINDOWS\System32\KERNELBASE.dll
0x00007ffff5ca0000 - 0x00007ffff5d41000 	C:\WINDOWS\System32\ADVAPI32.dll
0x00007ffff8040000 - 0x00007ffff80de000 	C:\WINDOWS\System32\msvcrt.dll
0x00007ffff80e0000 - 0x00007ffff813b000 	C:\WINDOWS\System32\sechost.dll
0x00007ffff7f10000 - 0x00007ffff8034000 	C:\WINDOWS\System32\RPCRT4.dll
0x00007ffff5eb0000 - 0x00007ffff6040000 	C:\WINDOWS\System32\USER32.dll
0x00007ffff46b0000 - 0x00007ffff46d0000 	C:\WINDOWS\System32\win32u.dll
0x00007ffff7c30000 - 0x00007ffff7c58000 	C:\WINDOWS\System32\GDI32.dll
0x00007ffff4a10000 - 0x00007ffff4ba2000 	C:\WINDOWS\System32\gdi32full.dll
0x00007ffff4970000 - 0x00007ffff4a0f000 	C:\WINDOWS\System32\msvcp_win.dll
0x00007ffff45b0000 - 0x00007ffff46aa000 	C:\WINDOWS\System32\ucrtbase.dll
0x00007fffde3b0000 - 0x00007fffde619000 	C:\WINDOWS\WinSxS\amd64_microsoft.windows.common-controls_6595b64144ccf1df_6.0.17134.523_none_fb409dd930672a56\COMCTL32.dll
0x00007ffff6040000 - 0x00007ffff6362000 	C:\WINDOWS\System32\combase.dll
0x00007ffff52c0000 - 0x00007ffff533a000 	C:\WINDOWS\System32\bcryptPrimitives.dll
0x00007ffff5c70000 - 0x00007ffff5c9d000 	C:\WINDOWS\System32\IMM32.DLL
0x0000000076a40000 - 0x0000000076b12000 	C:\Program Files\Java\jdk1.8.0_144\jre\bin\msvcr100.dll
0x0000000077000000 - 0x000000007789d000 	C:\Program Files\Java\jdk1.8.0_144\jre\bin\server\jvm.dll
0x00007ffff7d30000 - 0x00007ffff7d38000 	C:\WINDOWS\System32\PSAPI.DLL
0x00007fffda910000 - 0x00007fffda919000 	C:\WINDOWS\SYSTEM32\WSOCK32.dll
0x00007fffed210000 - 0x00007fffed21a000 	C:\WINDOWS\SYSTEM32\VERSION.dll
0x00007ffff1f30000 - 0x00007ffff1f53000 	C:\WINDOWS\SYSTEM32\WINMM.dll
0x00007ffff7e20000 - 0x00007ffff7e8c000 	C:\WINDOWS\System32\WS2_32.dll
0x00007ffff1f00000 - 0x00007ffff1f2a000 	C:\WINDOWS\SYSTEM32\winmmbase.dll
0x00007ffff55c0000 - 0x00007ffff5609000 	C:\WINDOWS\System32\cfgmgr32.dll
0x0000000052090000 - 0x000000005209f000 	C:\Program Files\Java\jdk1.8.0_144\jre\bin\verify.dll
0x0000000052060000 - 0x0000000052089000 	C:\Program Files\Java\jdk1.8.0_144\jre\bin\java.dll
0x0000000050460000 - 0x0000000050476000 	C:\Program Files\Java\jdk1.8.0_144\jre\bin\zip.dll
0x00007ffff63d0000 - 0x00007ffff7810000 	C:\WINDOWS\System32\SHELL32.dll
0x00007ffff5ad0000 - 0x00007ffff5b79000 	C:\WINDOWS\System32\shcore.dll
0x00007ffff4bb0000 - 0x00007ffff52bd000 	C:\WINDOWS\System32\windows.storage.dll
0x00007ffff7b30000 - 0x00007ffff7b81000 	C:\WINDOWS\System32\shlwapi.dll
0x00007ffff4570000 - 0x00007ffff4581000 	C:\WINDOWS\System32\kernel.appcore.dll
0x00007ffff4550000 - 0x00007ffff456f000 	C:\WINDOWS\System32\profapi.dll
0x00007ffff44f0000 - 0x00007ffff453c000 	C:\WINDOWS\System32\powrprof.dll
0x00007ffff4540000 - 0x00007ffff454a000 	C:\WINDOWS\System32\FLTLIB.DLL
0x00000000768a0000 - 0x0000000076a38000 	C:\Program Files\Java\jdk1.8.0_144\jre\bin\awt.dll
0x00007ffff7c60000 - 0x00007ffff7d22000 	C:\WINDOWS\System32\OLEAUT32.dll
0x00007ffff2560000 - 0x00007ffff25eb000 	C:\WINDOWS\SYSTEM32\apphelp.dll
0x00007ffff2970000 - 0x00007ffff2999000 	C:\WINDOWS\system32\DWMAPI.DLL
0x00007ffff2710000 - 0x00007ffff27a8000 	C:\WINDOWS\system32\uxtheme.dll
0x00007fffc9430000 - 0x00007fffc9550000 	C:\WINDOWS\system32\opengl32.dll
0x00007fffe0730000 - 0x00007fffe075c000 	C:\WINDOWS\SYSTEM32\GLU32.dll
0x00007ffff79b0000 - 0x00007ffff7b23000 	C:\WINDOWS\System32\MSCTF.dll
0x00007ffff5d50000 - 0x00007ffff5ea1000 	C:\WINDOWS\System32\ole32.dll
0x0000000050440000 - 0x000000005045a000 	C:\Program Files\Java\jdk1.8.0_144\jre\bin\net.dll
0x00007ffff3d70000 - 0x00007ffff3dd6000 	C:\WINDOWS\system32\mswsock.dll
0x0000000050420000 - 0x0000000050431000 	C:\Program Files\Java\jdk1.8.0_144\jre\bin\nio.dll
0x00007fffc1ae0000 - 0x00007fffc1b37000 	C:\Users\Alan\AppData\Local\Temp\lwjglAlan\3.1.1-build-16\lwjgl.dll
0x00007ffff3f40000 - 0x00007ffff3f4b000 	C:\WINDOWS\SYSTEM32\CRYPTBASE.DLL
0x00007fffe2590000 - 0x00007fffe25cc000 	C:\Users\Alan\AppData\Local\Temp\lwjglAlan\3.1.1-build-16\glfw.dll
0x00007fffadd10000 - 0x00007fffadd53000 	C:\WINDOWS\SYSTEM32\dinput8.dll
0x00007fffc3b50000 - 0x00007fffc3b60000 	C:\WINDOWS\SYSTEM32\xinput1_4.dll
0x00007ffff4300000 - 0x00007ffff4327000 	C:\WINDOWS\SYSTEM32\DEVOBJ.dll
0x00007fffdee10000 - 0x00007fffdee89000 	C:\WINDOWS\SYSTEM32\inputhost.dll
0x00007ffff0380000 - 0x00007ffff04cd000 	C:\WINDOWS\SYSTEM32\wintypes.dll
0x00007ffff22a0000 - 0x00007ffff237a000 	C:\WINDOWS\SYSTEM32\CoreMessaging.dll
0x00007fffef310000 - 0x00007fffef62e000 	C:\WINDOWS\SYSTEM32\CoreUIComponents.dll
0x00007ffff35e0000 - 0x00007ffff3611000 	C:\WINDOWS\SYSTEM32\ntmarta.dll
0x00007ffff2f10000 - 0x00007ffff2f1c000 	C:\WINDOWS\SYSTEM32\HID.DLL
0x00007ffff5670000 - 0x00007ffff5abb000 	C:\WINDOWS\System32\SETUPAPI.DLL
0x00007ffff5610000 - 0x00007ffff5667000 	C:\WINDOWS\System32\WINTRUST.dll
0x00007ffff4590000 - 0x00007ffff45a2000 	C:\WINDOWS\System32\MSASN1.dll
0x00007ffff4780000 - 0x00007ffff4962000 	C:\WINDOWS\System32\CRYPT32.dll
0x00007fff90680000 - 0x00007fff913c9000 	C:\WINDOWS\System32\DriverStore\FileRepository\igdlh64.inf_amd64_77c71c7a18780f10\ig9icd64.dll
0x00007ffff0ea0000 - 0x00007ffff0eb3000 	C:\WINDOWS\SYSTEM32\WTSAPI32.dll
0x00007fffea070000 - 0x00007fffeb1cc000 	C:\WINDOWS\System32\DriverStore\FileRepository\igdlh64.inf_amd64_77c71c7a18780f10\igc64.dll
0x00007ffff31f0000 - 0x00007ffff32ab000 	C:\WINDOWS\SYSTEM32\dxgi.dll
0x00007ffff1480000 - 0x00007ffff178b000 	C:\WINDOWS\SYSTEM32\d3d11.dll
0x00007fffeb7f0000 - 0x00007fffecc9b000 	C:\WINDOWS\System32\DriverStore\FileRepository\igdlh64.inf_amd64_77c71c7a18780f10\igd10iumd64.dll
0x00007ffff4020000 - 0x00007ffff4046000 	C:\WINDOWS\SYSTEM32\ncrypt.dll
0x00007ffff4050000 - 0x00007ffff4075000 	C:\WINDOWS\SYSTEM32\bcrypt.dll
0x00007ffff3fe0000 - 0x00007ffff4016000 	C:\WINDOWS\SYSTEM32\NTASN1.dll
0x00007fffe22c0000 - 0x00007fffe2356000 	C:\WINDOWS\System32\TextInputFramework.dll
0x00007fffbefe0000 - 0x00007fffbf03f000 	C:\Users\Alan\AppData\Local\Temp\lwjglAlan\3.1.1-build-16\lwjgl_opengl.dll
0x00007fffb4b90000 - 0x00007fffb4c7f000 	C:\Program Files\Java\jdk1.8.0_144\jre\bin\msvcr120.dll
0x00007fffab2d0000 - 0x00007fffab376000 	C:\Program Files\Java\jdk1.8.0_144\jre\bin\msvcp120.dll
0x0000000076ee0000 - 0x0000000076f02000 	C:\Program Files\Java\jdk1.8.0_144\jre\bin\prism_d3d.dll
0x00007fffee8c0000 - 0x00007fffeea57000 	C:\WINDOWS\system32\d3d9.dll
0x00007fff9fff0000 - 0x00007fffa57d4000 	C:\WINDOWS\System32\DriverStore\FileRepository\igdlh64.inf_amd64_77c71c7a18780f10\igdumdim64.dll
0x0000000076e90000 - 0x0000000076ed3000 	C:\Program Files\Java\jdk1.8.0_144\jre\bin\glass.dll
0x00007ffff5b80000 - 0x00007ffff5c6d000 	C:\WINDOWS\System32\COMDLG32.dll
0x0000000076850000 - 0x0000000076897000 	C:\Program Files\Java\jdk1.8.0_144\jre\bin\fontmanager.dll
0x00007fffe7f60000 - 0x00007fffe8129000 	C:\WINDOWS\SYSTEM32\dbghelp.dll

VM Arguments:
jvm_args: -Dfile.encoding=UTF-8 
java_command: MainGame
java_class_path (initial): C:\Users\Alan\Documents\Java Projects\LightJavaGame_LevelEditor\bin;C:\Users\Alan\Documents\Java Projects\LightJavaGame_LevelEditor\LIBS\lwjgl-natives-linux.jar;C:\Users\Alan\Documents\Java Projects\LightJavaGame_LevelEditor\LIBS\lwjgl-natives-macos.jar;C:\Users\Alan\Documents\Java Projects\LightJavaGame_LevelEditor\LIBS\lwjgl-natives-windows.jar;C:\Users\Alan\Documents\Java Projects\LightJavaGame_LevelEditor\LIBS\lwjgl.jar;C:\Users\Alan\Documents\Java Projects\LightJavaGame_LevelEditor\LIBS\lwjgl-assimp-natives-linux.jar;C:\Users\Alan\Documents\Java Projects\LightJavaGame_LevelEditor\LIBS\lwjgl-assimp-natives-macos.jar;C:\Users\Alan\Documents\Java Projects\LightJavaGame_LevelEditor\LIBS\lwjgl-assimp-natives-windows.jar;C:\Users\Alan\Documents\Java Projects\LightJavaGame_LevelEditor\LIBS\lwjgl-assimp.jar;C:\Users\Alan\Documents\Java Projects\LightJavaGame_LevelEditor\LIBS\lwjgl-glfw-natives-linux.jar;C:\Users\Alan\Documents\Java Projects\LightJavaGame_LevelEditor\LIBS\lwjgl-glfw-natives-macos.jar;C:\Users\Alan\Documents\Java Projects\LightJavaGame_LevelEditor\LIBS\lwjgl-glfw-natives-windows.jar;C:\Users\Alan\Documents\Java Projects\LightJavaGame_LevelEditor\LIBS\lwjgl-glfw.jar;C:\Users\Alan\Documents\Java Projects\LightJavaGame_LevelEditor\LIBS\lwjgl-opengl-natives-linux.jar;C:\Users\Alan\Documents\Java Projects\LightJavaGame_LevelEditor\LIBS\lwjgl-opengl-natives-macos.jar;C:\Users\Alan\Documents\Java Projects\LightJavaGame_LevelEditor\LIBS\lwjgl-opengl-natives-windows.jar;C:\Users\Alan\Documents\Java Projects\LightJavaGame_LevelEditor\LIBS\lwjgl-opengl.jar;C:\Users\Alan\Documents\Java Projects\LightJavaGame_LevelEditor\LIBS\lwjgl-ovr-natives-windows.jar;C:\Users\Alan\Documents\Java Projects\LightJavaGame_LevelEditor\LIBS\lwjgl-ovr.jar;C:\Users\Alan\Documents\Java Projects\LightJavaGame_LevelEditor\LIBS\lwjgl-stb-natives-linux.jar;C:\Users\Alan\Documents\Java Projects\LightJavaGame_LevelEditor\LIBS\lwjgl-stb-natives-macos.jar;C:\Users\Al
Launcher Type: SUN_STANDARD

Environment Variables:
PATH=C:/Program Files/Java/jdk1.8.0_144/jre/bin/server;C:/Program Files/Java/jdk1.8.0_144/jre/bin;C:/Program Files/Java/jdk1.8.0_144/jre/lib/amd64;C:\Program Files (x86)\Common Files\Oracle\Java\javapath;C:\Program Files (x86)\Intel\iCLS Client\;C:\ProgramData\Oracle\Java\javapath;C:\Program Files\Intel\iCLS Client\;C:\Windows\system32;C:\Windows;C:\Windows\System32\Wbem;C:\Windows\System32\WindowsPowerShell\v1.0\;C:\Program Files (x86)\NVIDIA Corporation\PhysX\Common;C:\WINDOWS\system32;C:\WINDOWS;C:\WINDOWS\System32\Wbem;C:\WINDOWS\System32\WindowsPowerShell\v1.0\;C:\Program Files\Microsoft SQL Server\130\Tools\Binn\;C:\Program Files\dotnet\;C:\Program Files (x86)\Skype\Phone\;C:\Program Files (x86)\Intel\Intel(R) Management Engine Components\DAL;C:\Program Files\Intel\Intel(R) Management Engine Components\DAL;C:\Program Files (x86)\Intel\Intel(R) Management Engine Components\IPT;C:\Program Files\Intel\Intel(R) Management Engine Components\IPT;C:\WINDOWS\System32\OpenSSH\;C:\Program Files\Intel\WiFi\bin\;C:\Program Files\Common Files\Intel\WirelessCommon\;C:\Program Files\NVIDIA Corporation\NVIDIA NvDLISR;C:\Program Files\Microsoft SQL Server\Client SDK\ODBC\130\Tools\Binn\;C:\Program Files (x86)\Microsoft SQL Server\140\Tools\Binn\;C:\Program Files\Microsoft SQL Server\140\Tools\Binn\;C:\Program Files\Microsoft SQL Server\140\DTS\Binn\;C:\Program Files (x86)\Microsoft SQL Server\Client SDK\ODBC\130\Tools\Binn\;C:\Program Files (x86)\Microsoft SQL Server\140\DTS\Binn\;C:\Program Files (x86)\Microsoft SQL Server\140\Tools\Binn\ManagementStudio\;C:\MinGW64\mingw64\bin;C:\Users\Alan\AppData\Local\Microsoft\WindowsApps;C:\Program Files\Intel\WiFi\bin\;C:\Program Files\Common Files\Intel\WirelessCommon\;C:\Users\Alan\AppData\Local\GitHubDesktop\bin;C:\WINDOWS\System32;
USERNAME=Alan
OS=Windows_NT
PROCESSOR_IDENTIFIER=Intel64 Family 6 Model 94 Stepping 3, GenuineIntel



---------------  S Y S T E M  ---------------

OS: Windows 10.0 , 64 bit Build 17134 (10.0.17134.1)

CPU:total 8 (initial active 8) (4 cores per cpu, 2 threads per core) family 6 model 94 stepping 3, cmov, cx8, fxsr, mmx, sse, sse2, sse3, ssse3, sse4.1, sse4.2, popcnt, avx, avx2, aes, clmul, erms, rtm, 3dnowpref, lzcnt, ht, tsc, tscinvbit, bmi1, bmi2, adx

Memory: 4k page, physical 16657284k(8456000k free), swap 19147652k(9288300k free)

vm_info: Java HotSpot(TM) 64-Bit Server VM (25.144-b01) for windows-amd64 JRE (1.8.0_144-b01), built on Jul 21 2017 21:57:33 by "java_re" with MS VC++ 10.0 (VS2010)

time: Mon Jan 28 14:43:02 2019
elapsed time: 4 seconds (0d 0h 0m 4s)

